Hypergraph    myken.u -- #Cells=    12  #Nets=    11  #Pins=      31 #Const= 1

Coarsening: (ABSHPC  : Absorbtion Clustering using Pins)
  0: H=(C:     12, N:     11, P:     31) (  2.583,   2.818) (?<3)
******************************************************************************
Partitioning
 RANDOM1 Cost: 6 CW(6, 6) INW(0, 0) IB=0.000
 H-DBFM Pass: 1 init. cost 6 Wghts (6, 6) Max-W: (6, 6)
 After RefOfInitPart	Cost: 6 CW(6, 6) INW(0, 0)
 GHGP Cost: 4 CW(6, 6) INW(0, 0) IB=0.000
 H-DBFM Pass: 1 init. cost 4 Wghts (6, 6) Max-W: (6, 6)
 After RefOfInitPart	Cost: 4 CW(6, 6) INW(0, 0)
 GHG_MAXPOSGAIN Cost: 2 CW(6, 6) INW(0, 0) IB=0.000
 H-DBFM Pass: 1 init. cost 2 Wghts (6, 6) Max-W: (6, 6)
 After RefOfInitPart	Cost: 2 CW(6, 6) INW(0, 0)
 RANDOM2 Cost: 11 CW(6, 6) INW(0, 0) IB=0.000
 H-DBFM Pass: 1 init. cost 11 Wghts (6, 6) Max-W: (6, 6)
 After RefOfInitPart	Cost: 11 CW(6, 6) INW(0, 0)
 COMP_GHGP Cost: 2 CW(6, 6) INW(0, 0) IB=0.000
 H-DBFM Pass: 1 init. cost 2 Wghts (6, 6) Max-W: (6, 6)
 After RefOfInitPart	Cost: 2 CW(6, 6) INW(0, 0)
 RANDOM3 Cost: 2 CW(6, 6) INW(0, 0) IB=0.000
 H-DBFM Pass: 1 init. cost 2 Wghts (6, 6) Max-W: (6, 6)
 After RefOfInitPart	Cost: 2 CW(6, 6) INW(0, 0)
 RANDOM1 Cost: 7 CW(6, 6) INW(0, 0) IB=0.000
 H-DBFM Pass: 1 init. cost 7 Wghts (6, 6) Max-W: (6, 6)
 After RefOfInitPart	Cost: 7 CW(6, 6) INW(0, 0)
 GREADY_COMP_GHGP Cost: 4 CW(6, 6) INW(0, 0) IB=0.000
 H-DBFM Pass: 1 init. cost 4 Wghts (6, 6) Max-W: (6, 6)
 After RefOfInitPart	Cost: 4 CW(6, 6) INW(0, 0)
 GHG_MAXPIN Cost: 3 CW(6, 6) INW(0, 0) IB=0.000
 H-DBFM Pass: 1 init. cost 3 Wghts (6, 6) Max-W: (6, 6)
 After RefOfInitPart	Cost: 3 CW(6, 6) INW(0, 0)
 GHG_MAXNET Cost: 2 CW(6, 6) INW(0, 0) IB=0.000
 H-DBFM Pass: 1 init. cost 2 Wghts (6, 6) Max-W: (6, 6)
 After RefOfInitPart	Cost: 2 CW(6, 6) INW(0, 0)
 GHGP Cost: 3 CW(6, 6) INW(0, 0) IB=0.000
 H-DBFM Pass: 1 init. cost 3 Wghts (6, 6) Max-W: (6, 6)
 After RefOfInitPart	Cost: 3 CW(6, 6) INW(0, 0)
 --------------------------------------------------------------------------
 Par.Res.  Cost:     2  CW(    6,     6) INW(    0,     0)
******************************************************************************
UnCoarsening:
  0:
 B-BFMKL Pass: 1 init. cost 2 Wghts (6, 6) Max-W: (6, 6)
 B-BFMKL Pass: 1 init. cost 2 Wghts (6, 6) Max-W: (6, 6)
 Cost:     2  MinPW:     6 MaxPW:     6 ZeroPW:     6 MA-IBR: 0.015 -- Cur IBR: 0.000

++++++++++++++++++++++++++++++++++++++++++++++++++++++++++++++++++
RecRes: k=  4 Cost=     2 CW=(6, 6) INW=(0, 0)
++++++++++++++++++++++++++++++++++++++++++++++++++++++++++++++++++

   Coarsening: (ABSHPC  : Absorbtion Clustering using Pins)
     0: H=(C:      6, N:      6, P:     14) (  2.333,   2.333) (?<1)
   ******************************************************************************
   Partitioning
    RANDOM1 Cost: 4 CW(3, 3) INW(0, 0) IB=0.000
    H-DBFM Pass: 1 init. cost 4 Wghts (3, 3) Max-W: (3, 3)
    After RefOfInitPart	Cost: 4 CW(3, 3) INW(0, 0)
    GHGP Cost: 1 CW(3, 3) INW(0, 0) IB=0.000
    H-DBFM Pass: 1 init. cost 1 Wghts (3, 3) Max-W: (3, 3)
    After RefOfInitPart	Cost: 1 CW(3, 3) INW(0, 0)
    GHG_MAXPOSGAIN Cost: 1 CW(3, 3) INW(0, 0) IB=0.000
    H-DBFM Pass: 1 init. cost 1 Wghts (3, 3) Max-W: (3, 3)
    After RefOfInitPart	Cost: 1 CW(3, 3) INW(0, 0)
    RANDOM2 Cost: 5 CW(3, 3) INW(0, 0) IB=0.000
    H-DBFM Pass: 1 init. cost 5 Wghts (3, 3) Max-W: (3, 3)
    After RefOfInitPart	Cost: 5 CW(3, 3) INW(0, 0)
    COMP_GHGP Cost: 1 CW(3, 3) INW(0, 0) IB=0.000
    H-DBFM Pass: 1 init. cost 1 Wghts (3, 3) Max-W: (3, 3)
    After RefOfInitPart	Cost: 1 CW(3, 3) INW(0, 0)
    RANDOM3 Cost: 4 CW(3, 3) INW(0, 0) IB=0.000
    H-DBFM Pass: 1 init. cost 4 Wghts (3, 3) Max-W: (3, 3)
    After RefOfInitPart	Cost: 4 CW(3, 3) INW(0, 0)
    RANDOM1 Cost: 1 CW(3, 3) INW(0, 0) IB=0.000
    H-DBFM Pass: 1 init. cost 1 Wghts (3, 3) Max-W: (3, 3)
    After RefOfInitPart	Cost: 1 CW(3, 3) INW(0, 0)
    GREADY_COMP_GHGP Cost: 1 CW(3, 3) INW(0, 0) IB=0.000
    H-DBFM Pass: 1 init. cost 1 Wghts (3, 3) Max-W: (3, 3)
    After RefOfInitPart	Cost: 1 CW(3, 3) INW(0, 0)
    GHG_MAXPIN Cost: 1 CW(3, 3) INW(0, 0) IB=0.000
    H-DBFM Pass: 1 init. cost 1 Wghts (3, 3) Max-W: (3, 3)
    After RefOfInitPart	Cost: 1 CW(3, 3) INW(0, 0)
    GHG_MAXNET Cost: 1 CW(3, 3) INW(0, 0) IB=0.000
    H-DBFM Pass: 1 init. cost 1 Wghts (3, 3) Max-W: (3, 3)
    After RefOfInitPart	Cost: 1 CW(3, 3) INW(0, 0)
    GHGP Cost: 1 CW(3, 3) INW(0, 0) IB=0.000
    H-DBFM Pass: 1 init. cost 1 Wghts (3, 3) Max-W: (3, 3)
    After RefOfInitPart	Cost: 1 CW(3, 3) INW(0, 0)
    --------------------------------------------------------------------------
    Par.Res.  Cost:     1  CW(    3,     3) INW(    0,     0)
   ******************************************************************************
   UnCoarsening:
     0:
    B-BFMKL Pass: 1 init. cost 1 Wghts (3, 3) Max-W: (3, 3)
    B-BFMKL Pass: 1 init. cost 1 Wghts (3, 3) Max-W: (3, 3)
    Cost:     1  MinPW:     3 MaxPW:     3 ZeroPW:     3 MA-IBR: 0.015 -- Cur IBR: 0.000

   ++++++++++++++++++++++++++++++++++++++++++++++++++++++++++++++++++
   RecRes: k=  2 Cost=     1 CW=(3, 3) INW=(0, 0)
   ++++++++++++++++++++++++++++++++++++++++++++++++++++++++++++++++++

   Coarsening: (ABSHPC  : Absorbtion Clustering using Pins)
     0: H=(C:      6, N:      7, P:     17) (  2.833,   2.429) (?<1)
   ******************************************************************************
   Partitioning
    RANDOM1 Cost: 4 CW(3, 3) INW(0, 0) IB=0.000
    H-DBFM Pass: 1 init. cost 4 Wghts (3, 3) Max-W: (3, 3)
    After RefOfInitPart	Cost: 4 CW(3, 3) INW(0, 0)
    GHGP Cost: 2 CW(3, 3) INW(0, 0) IB=0.000
    H-DBFM Pass: 1 init. cost 2 Wghts (3, 3) Max-W: (3, 3)
    After RefOfInitPart	Cost: 2 CW(3, 3) INW(0, 0)
    GHG_MAXPOSGAIN Cost: 2 CW(3, 3) INW(0, 0) IB=0.000
    H-DBFM Pass: 1 init. cost 2 Wghts (3, 3) Max-W: (3, 3)
    After RefOfInitPart	Cost: 2 CW(3, 3) INW(0, 0)
    RANDOM2 Cost: 6 CW(3, 3) INW(0, 0) IB=0.000
    H-DBFM Pass: 1 init. cost 6 Wghts (3, 3) Max-W: (3, 3)
    After RefOfInitPart	Cost: 6 CW(3, 3) INW(0, 0)
    COMP_GHGP Cost: 2 CW(3, 3) INW(0, 0) IB=0.000
    H-DBFM Pass: 1 init. cost 2 Wghts (3, 3) Max-W: (3, 3)
    After RefOfInitPart	Cost: 2 CW(3, 3) INW(0, 0)
    RANDOM3 Cost: 4 CW(3, 3) INW(0, 0) IB=0.000
    H-DBFM Pass: 1 init. cost 4 Wghts (3, 3) Max-W: (3, 3)
    After RefOfInitPart	Cost: 4 CW(3, 3) INW(0, 0)
    RANDOM1 Cost: 4 CW(3, 3) INW(0, 0) IB=0.000
    H-DBFM Pass: 1 init. cost 4 Wghts (3, 3) Max-W: (3, 3)
    After RefOfInitPart	Cost: 4 CW(3, 3) INW(0, 0)
    GREADY_COMP_GHGP Cost: 2 CW(3, 3) INW(0, 0) IB=0.000
    H-DBFM Pass: 1 init. cost 2 Wghts (3, 3) Max-W: (3, 3)
    After RefOfInitPart	Cost: 2 CW(3, 3) INW(0, 0)
    GHG_MAXPIN Cost: 2 CW(3, 3) INW(0, 0) IB=0.000
    H-DBFM Pass: 1 init. cost 2 Wghts (3, 3) Max-W: (3, 3)
    After RefOfInitPart	Cost: 2 CW(3, 3) INW(0, 0)
    GHG_MAXNET Cost: 2 CW(3, 3) INW(0, 0) IB=0.000
    H-DBFM Pass: 1 init. cost 2 Wghts (3, 3) Max-W: (3, 3)
    After RefOfInitPart	Cost: 2 CW(3, 3) INW(0, 0)
    GHGP Cost: 2 CW(3, 3) INW(0, 0) IB=0.000
    H-DBFM Pass: 1 init. cost 2 Wghts (3, 3) Max-W: (3, 3)
    After RefOfInitPart	Cost: 2 CW(3, 3) INW(0, 0)
    --------------------------------------------------------------------------
    Par.Res.  Cost:     2  CW(    3,     3) INW(    0,     0)
   ******************************************************************************
   UnCoarsening:
     0:
    B-BFMKL Pass: 1 init. cost 2 Wghts (3, 3) Max-W: (3, 3)
    B-BFMKL Pass: 1 init. cost 2 Wghts (3, 3) Max-W: (3, 3)
    Cost:     2  MinPW:     3 MaxPW:     3 ZeroPW:     3 MA-IBR: 0.015 -- Cur IBR: 0.000

   ++++++++++++++++++++++++++++++++++++++++++++++++++++++++++++++++++
   RecRes: k=  2 Cost=     2 CW=(3, 3) INW=(0, 0)
   ++++++++++++++++++++++++++++++++++++++++++++++++++++++++++++++++++
4-way cutsize is: 5

-------------------------------------------------------------------
 Partitioner: Single-Constraint
 4-way cutsize = 5 

PartWeights are:

   0 :         3 
   1 :         3 
   2 :         3 
   3 :         3 
 MaxImbals are (as %): 0.000
             0.0 
